<?xml version="1.0" encoding="UTF-8"?>
<!-- Generated by org.testng.reporters.JUnitXMLReporter -->
<testsuite ignored="0" hostname="LAPTOP-2T1FHJL0" failures="0" tests="2" name="Error Validations Test" time="12.152" errors="0" timestamp="19 Dec 2024 15:31:10 GMT">
  <testcase classname="rahulshettyacademy.tests.ErrorValidationsTest" name="LoginErrorValidation" time="1.113"/>
  <testcase classname="rahulshettyacademy.tests.ErrorValidationsTest" name="ProductErrorValidation" time="4.642"/>
</testsuite> <!-- Error Validations Test -->
